kotlin version: 2.0.0
error message: java.lang.Exception: Could not flush incremental caches in C:\Users\15726\Desktop\Android\HikariNovel\app\build\kspCaches\debug\symbolLookups: lookups.tab
	at org.jetbrains.kotlin.incremental.storage.BasicMapsOwner.forEachMapSafe(BasicMapsOwner.kt:93)
	at org.jetbrains.kotlin.incremental.storage.BasicMapsOwner.flush(BasicMapsOwner.kt:41)
	at com.google.devtools.ksp.LookupStorageWrapperImpl.flush(IncrementalContext.kt:247)
	at com.google.devtools.ksp.common.IncrementalContextBase.updateLookupCache(IncrementalContextBase.kt:134)
	at com.google.devtools.ksp.common.IncrementalContextBase.updateCaches(IncrementalContextBase.kt:364)
	at com.google.devtools.ksp.common.IncrementalContextBase.updateCachesAndOutputs(IncrementalContextBase.kt:472)
	at com.google.devtools.ksp.AbstractKotlinSymbolProcessingExtension.doAnalysis(KotlinSymbolProcessingExtension.kt:362)
	at org.jetbrains.kotlin.cli.jvm.compiler.TopDownAnalyzerFacadeForJVM.analyzeFilesWithJavaIntegration(TopDownAnalyzerFacadeForJVM.kt:112)
	at org.jetbrains.kotlin.cli.jvm.compiler.TopDownAnalyzerFacadeForJVM.analyzeFilesWithJavaIntegration$default(TopDownAnalyzerFacadeForJVM.kt:75)
	at org.jetbrains.kotlin.cli.jvm.compiler.KotlinToJVMBytecodeCompiler.analyze$lambda$12(KotlinToJVMBytecodeCompiler.kt:373)
	at org.jetbrains.kotlin.cli.common.messages.AnalyzerWithCompilerReport.analyzeAndReport(AnalyzerWithCompilerReport.kt:115)
	at org.jetbrains.kotlin.cli.jvm.compiler.KotlinToJVMBytecodeCompiler.analyze(KotlinToJVMBytecodeCompiler.kt:364)
	at org.jetbrains.kotlin.cli.jvm.compiler.KotlinToJVMBytecodeCompiler.repeatAnalysisIfNeeded(KotlinToJVMBytecodeCompiler.kt:282)
	at org.jetbrains.kotlin.cli.jvm.compiler.KotlinToJVMBytecodeCompiler.repeatAnalysisIfNeeded(KotlinToJVMBytecodeCompiler.kt:282)
	at org.jetbrains.kotlin.cli.jvm.compiler.KotlinToJVMBytecodeCompiler.runFrontendAndGenerateIrUsingClassicFrontend(KotlinToJVMBytecodeCompiler.kt:195)
	at org.jetbrains.kotlin.cli.jvm.compiler.KotlinToJVMBytecodeCompiler.compileModules$cli(KotlinToJVMBytecodeCompiler.kt:106)
	at org.jetbrains.kotlin.cli.jvm.K2JVMCompiler.doExecute(K2JVMCompiler.kt:176)
	at org.jetbrains.kotlin.cli.jvm.K2JVMCompiler.doExecute(K2JVMCompiler.kt:50)
	at org.jetbrains.kotlin.cli.common.CLICompiler.execImpl(CLICompiler.kt:104)
	at org.jetbrains.kotlin.cli.common.CLICompiler.execImpl(CLICompiler.kt:48)
	at org.jetbrains.kotlin.cli.common.CLITool.exec(CLITool.kt:101)
	at org.jetbrains.kotlin.daemon.CompileServiceImpl.compile(CompileServiceImpl.kt:1556)
	at java.base/jdk.internal.reflect.NativeMethodAccessorImpl.invoke0(Native Method)
	at java.base/jdk.internal.reflect.NativeMethodAccessorImpl.invoke(NativeMethodAccessorImpl.java:77)
	at java.base/jdk.internal.reflect.DelegatingMethodAccessorImpl.invoke(DelegatingMethodAccessorImpl.java:43)
	at java.base/java.lang.reflect.Method.invoke(Method.java:568)
	at java.rmi/sun.rmi.server.UnicastServerRef.dispatch(UnicastServerRef.java:360)
	at java.rmi/sun.rmi.transport.Transport$1.run(Transport.java:200)
	at java.rmi/sun.rmi.transport.Transport$1.run(Transport.java:197)
	at java.base/java.security.AccessController.doPrivileged(AccessController.java:712)
	at java.rmi/sun.rmi.transport.Transport.serviceCall(Transport.java:196)
	at java.rmi/sun.rmi.transport.tcp.TCPTransport.handleMessages(TCPTransport.java:587)
	at java.rmi/sun.rmi.transport.tcp.TCPTransport$ConnectionHandler.run0(TCPTransport.java:828)
	at java.rmi/sun.rmi.transport.tcp.TCPTransport$ConnectionHandler.lambda$run$0(TCPTransport.java:705)
	at java.base/java.security.AccessController.doPrivileged(AccessController.java:399)
	at java.rmi/sun.rmi.transport.tcp.TCPTransport$ConnectionHandler.run(TCPTransport.java:704)
	at java.base/java.util.concurrent.ThreadPoolExecutor.runWorker(ThreadPoolExecutor.java:1136)
	at java.base/java.util.concurrent.ThreadPoolExecutor$Worker.run(ThreadPoolExecutor.java:635)
	at java.base/java.lang.Thread.run(Thread.java:840)
	Suppressed: java.lang.reflect.InaccessibleObjectException: Unable to make field protected java.io.OutputStream java.io.FilterOutputStream.out accessible: module java.base does not "opens java.io" to unnamed module @15eb5ee5
		at java.base/java.lang.reflect.AccessibleObject.checkCanSetAccessible(AccessibleObject.java:354)
		at java.base/java.lang.reflect.AccessibleObject.checkCanSetAccessible(AccessibleObject.java:297)
		at java.base/java.lang.reflect.Field.checkCanSetAccessible(Field.java:178)
		at java.base/java.lang.reflect.Field.setAccessible(Field.java:172)
		at org.jetbrains.kotlin.com.intellij.util.io.IOUtil.syncStream(IOUtil.java:216)
		at org.jetbrains.kotlin.com.intellij.util.io.PersistentHashMapValueStorage.appendBytes(PersistentHashMapValueStorage.java:188)
		at org.jetbrains.kotlin.com.intellij.util.io.PersistentHashMapValueStorage.appendBytes(PersistentHashMapValueStorage.java:175)
		at org.jetbrains.kotlin.com.intellij.util.io.PersistentMapImpl$2.onDropFromCache(PersistentMapImpl.java:237)
		at org.jetbrains.kotlin.com.intellij.util.io.PersistentMapImpl$2.onDropFromCache(PersistentMapImpl.java:215)
		at org.jetbrains.kotlin.com.intellij.util.containers.SLRUMap.clear(SLRUMap.java:172)
		at org.jetbrains.kotlin.com.intellij.util.io.PersistentMapImpl.flushAppendCache(PersistentMapImpl.java:930)
		at org.jetbrains.kotlin.com.intellij.util.io.PersistentMapImpl.clearAppenderCaches(PersistentMapImpl.java:754)
		at org.jetbrains.kotlin.com.intellij.util.io.PersistentMapImpl.doForce(PersistentMapImpl.java:741)
		at org.jetbrains.kotlin.com.intellij.util.io.PersistentMapImpl.force(PersistentMapImpl.java:730)
		at org.jetbrains.kotlin.com.intellij.util.io.PersistentHashMap.force(PersistentHashMap.java:194)
		at org.jetbrains.kotlin.incremental.storage.LazyStorage.flush(LazyStorage.kt:88)
		at org.jetbrains.kotlin.incremental.storage.AppendableSetBasicMap.flush(BasicMap.kt:152)
		at org.jetbrains.kotlin.incremental.storage.BasicMapsOwner$flush$1.invoke(BasicMapsOwner.kt:41)
		at org.jetbrains.kotlin.incremental.storage.BasicMapsOwner$flush$1.invoke(BasicMapsOwner.kt:41)
		at org.jetbrains.kotlin.incremental.storage.BasicMapsOwner.forEachMapSafe(BasicMapsOwner.kt:85)
		... 38 more


